<?xml version="1.0" encoding="UTF-8"?>
<!-- Generated by org.testng.reporters.JUnitReportReporter -->
<testsuite hostname="DESKTOP-JC2CKGE" name="NoBrokerTest.HomeTest" tests="1" failures="0" timestamp="26 Jul 2020 13:58:31 GMT" time="30.378" errors="0">
  <testcase name="homePageTest" time="30.378" classname="NoBrokerTest.HomeTest"/>
</testsuite> <!-- NoBrokerTest.HomeTest -->
