<?xml version="1.0" encoding="UTF-8"?>
<!-- Generated by org.testng.reporters.JUnitReportReporter -->
<testsuite hostname="DESKTOP-JC2CKGE" name="com.qa.NoBrokerTest.HomeTest" tests="1" failures="0" timestamp="26 Jul 2020 18:36:32 GMT" time="30.958" errors="0">
  <testcase name="homePageTest" time="30.958" classname="com.qa.NoBrokerTest.HomeTest"/>
</testsuite> <!-- com.qa.NoBrokerTest.HomeTest -->
