<?xml version="1.0" encoding="UTF-8"?>
<!-- Generated by org.testng.reporters.JUnitReportReporter -->
<testsuite hostname="DESKTOP-JC2CKGE" name="com.qa.NoBrokerTest.DescriptinTest" tests="1" failures="0" timestamp="26 Jul 2020 18:36:32 GMT" time="46.544" errors="0">
  <testcase name="description" time="46.544" classname="com.qa.NoBrokerTest.DescriptinTest"/>
</testsuite> <!-- com.qa.NoBrokerTest.DescriptinTest -->
