<?xml version="1.0" encoding="UTF-8"?>
<!-- Generated by org.testng.reporters.JUnitReportReporter -->
<testsuite hostname="DESKTOP-JC2CKGE" name="com.qa.NoBrokerTest.search_ListTest" tests="1" failures="0" timestamp="26 Jul 2020 18:36:32 GMT" time="44.535" errors="0">
  <testcase name="ListTest" time="44.535" classname="com.qa.NoBrokerTest.search_ListTest"/>
</testsuite> <!-- com.qa.NoBrokerTest.search_ListTest -->
